This is pdfTeX, Version 3.14159265-2.6-1.40.16 (TeX Live 2015/Debian) (preloaded format=pdflatex 2018.12.23)  20 JUN 2019 21:16
entering extended mode
 restricted \write18 enabled.
 %&-line parsing enabled.
**relatorioP5.tex
(./relatorioP5.tex
LaTeX2e <2016/02/01>
Babel <3.9q> and hyphenation patterns for 81 language(s) loaded.
(/usr/share/texlive/texmf-dist/tex/latex/base/article.cls
Document Class: article 2014/09/29 v1.4h Standard LaTeX document class
(/usr/share/texlive/texmf-dist/tex/latex/base/size12.clo
File: size12.clo 2014/09/29 v1.4h Standard LaTeX file (size option)
)
\c@part=\count79
\c@section=\count80
\c@subsection=\count81
\c@subsubsection=\count82
\c@paragraph=\count83
\c@subparagraph=\count84
\c@figure=\count85
\c@table=\count86
\abovecaptionskip=\skip41
\belowcaptionskip=\skip42
\bibindent=\dimen102
)
(/usr/share/texlive/texmf-dist/tex/generic/babel/babel.sty
Package: babel 2016/02/24 3.9q The Babel package

(/usr/share/texlive/texmf-dist/tex/generic/babel-portuges/portuges.ldf
Language: portuges 2008/03/18 v1.2q Portuguese support from the babel system

(/usr/share/texlive/texmf-dist/tex/generic/babel/babel.def
File: babel.def 2016/02/24 3.9q Babel common definitions
\babel@savecnt=\count87
\U@D=\dimen103
)
\l@brazil = a dialect from \language\l@portuges 
Package babel Info: Making " an active character on input line 145.
))
(/usr/share/texlive/texmf-dist/tex/latex/base/fontenc.sty
Package: fontenc 2005/09/27 v1.99g Standard LaTeX package

(/usr/share/texlive/texmf-dist/tex/latex/base/t1enc.def
File: t1enc.def 2005/09/27 v1.99g Standard LaTeX file
LaTeX Font Info:    Redeclaring font encoding T1 on input line 48.
))
(/usr/share/texlive/texmf-dist/tex/latex/base/inputenc.sty
Package: inputenc 2015/03/17 v1.2c Input encoding file
\inpenc@prehook=\toks14
\inpenc@posthook=\toks15

(/usr/share/texlive/texmf-dist/tex/latex/base/utf8.def
File: utf8.def 2015/12/03 v1.1r UTF-8 support for inputenc
Now handling font encoding OML ...
... no UTF-8 mapping file for font encoding OML
Now handling font encoding T1 ...
... processing UTF-8 mapping file for font encoding T1

(/usr/share/texlive/texmf-dist/tex/latex/base/t1enc.dfu
File: t1enc.dfu 2015/12/03 v1.1r UTF-8 support for inputenc
   defining Unicode char U+00A0 (decimal 160)
   defining Unicode char U+00A1 (decimal 161)
   defining Unicode char U+00A3 (decimal 163)
   defining Unicode char U+00AB (decimal 171)
   defining Unicode char U+00AD (decimal 173)
   defining Unicode char U+00BB (decimal 187)
   defining Unicode char U+00BF (decimal 191)
   defining Unicode char U+00C0 (decimal 192)
   defining Unicode char U+00C1 (decimal 193)
   defining Unicode char U+00C2 (decimal 194)
   defining Unicode char U+00C3 (decimal 195)
   defining Unicode char U+00C4 (decimal 196)
   defining Unicode char U+00C5 (decimal 197)
   defining Unicode char U+00C6 (decimal 198)
   defining Unicode char U+00C7 (decimal 199)
   defining Unicode char U+00C8 (decimal 200)
   defining Unicode char U+00C9 (decimal 201)
   defining Unicode char U+00CA (decimal 202)
   defining Unicode char U+00CB (decimal 203)
   defining Unicode char U+00CC (decimal 204)
   defining Unicode char U+00CD (decimal 205)
   defining Unicode char U+00CE (decimal 206)
   defining Unicode char U+00CF (decimal 207)
   defining Unicode char U+00D0 (decimal 208)
   defining Unicode char U+00D1 (decimal 209)
   defining Unicode char U+00D2 (decimal 210)
   defining Unicode char U+00D3 (decimal 211)
   defining Unicode char U+00D4 (decimal 212)
   defining Unicode char U+00D5 (decimal 213)
   defining Unicode char U+00D6 (decimal 214)
   defining Unicode char U+00D8 (decimal 216)
   defining Unicode char U+00D9 (decimal 217)
   defining Unicode char U+00DA (decimal 218)
   defining Unicode char U+00DB (decimal 219)
   defining Unicode char U+00DC (decimal 220)
   defining Unicode char U+00DD (decimal 221)
   defining Unicode char U+00DE (decimal 222)
   defining Unicode char U+00DF (decimal 223)
   defining Unicode char U+00E0 (decimal 224)
   defining Unicode char U+00E1 (decimal 225)
   defining Unicode char U+00E2 (decimal 226)
   defining Unicode char U+00E3 (decimal 227)
   defining Unicode char U+00E4 (decimal 228)
   defining Unicode char U+00E5 (decimal 229)
   defining Unicode char U+00E6 (decimal 230)
   defining Unicode char U+00E7 (decimal 231)
   defining Unicode char U+00E8 (decimal 232)
   defining Unicode char U+00E9 (decimal 233)
   defining Unicode char U+00EA (decimal 234)
   defining Unicode char U+00EB (decimal 235)
   defining Unicode char U+00EC (decimal 236)
   defining Unicode char U+00ED (decimal 237)
   defining Unicode char U+00EE (decimal 238)
   defining Unicode char U+00EF (decimal 239)
   defining Unicode char U+00F0 (decimal 240)
   defining Unicode char U+00F1 (decimal 241)
   defining Unicode char U+00F2 (decimal 242)
   defining Unicode char U+00F3 (decimal 243)
   defining Unicode char U+00F4 (decimal 244)
   defining Unicode char U+00F5 (decimal 245)
   defining Unicode char U+00F6 (decimal 246)
   defining Unicode char U+00F8 (decimal 248)
   defining Unicode char U+00F9 (decimal 249)
   defining Unicode char U+00FA (decimal 250)
   defining Unicode char U+00FB (decimal 251)
   defining Unicode char U+00FC (decimal 252)
   defining Unicode char U+00FD (decimal 253)
   defining Unicode char U+00FE (decimal 254)
   defining Unicode char U+00FF (decimal 255)
   defining Unicode char U+0100 (decimal 256)
   defining Unicode char U+0101 (decimal 257)
   defining Unicode char U+0102 (decimal 258)
   defining Unicode char U+0103 (decimal 259)
   defining Unicode char U+0104 (decimal 260)
   defining Unicode char U+0105 (decimal 261)
   defining Unicode char U+0106 (decimal 262)
   defining Unicode char U+0107 (decimal 263)
   defining Unicode char U+0108 (decimal 264)
   defining Unicode char U+0109 (decimal 265)
   defining Unicode char U+010A (decimal 266)
   defining Unicode char U+010B (decimal 267)
   defining Unicode char U+010C (decimal 268)
   defining Unicode char U+010D (decimal 269)
   defining Unicode char U+010E (decimal 270)
   defining Unicode char U+010F (decimal 271)
   defining Unicode char U+0110 (decimal 272)
   defining Unicode char U+0111 (decimal 273)
   defining Unicode char U+0112 (decimal 274)
   defining Unicode char U+0113 (decimal 275)
   defining Unicode char U+0114 (decimal 276)
   defining Unicode char U+0115 (decimal 277)
   defining Unicode char U+0116 (decimal 278)
   defining Unicode char U+0117 (decimal 279)
   defining Unicode char U+0118 (decimal 280)
   defining Unicode char U+0119 (decimal 281)
   defining Unicode char U+011A (decimal 282)
   defining Unicode char U+011B (decimal 283)
   defining Unicode char U+011C (decimal 284)
   defining Unicode char U+011D (decimal 285)
   defining Unicode char U+011E (decimal 286)
   defining Unicode char U+011F (decimal 287)
   defining Unicode char U+0120 (decimal 288)
   defining Unicode char U+0121 (decimal 289)
   defining Unicode char U+0122 (decimal 290)
   defining Unicode char U+0123 (decimal 291)
   defining Unicode char U+0124 (decimal 292)
   defining Unicode char U+0125 (decimal 293)
   defining Unicode char U+0128 (decimal 296)
   defining Unicode char U+0129 (decimal 297)
   defining Unicode char U+012A (decimal 298)
   defining Unicode char U+012B (decimal 299)
   defining Unicode char U+012C (decimal 300)
   defining Unicode char U+012D (decimal 301)
   defining Unicode char U+012E (decimal 302)
   defining Unicode char U+012F (decimal 303)
   defining Unicode char U+0130 (decimal 304)
   defining Unicode char U+0131 (decimal 305)
   defining Unicode char U+0132 (decimal 306)
   defining Unicode char U+0133 (decimal 307)
   defining Unicode char U+0134 (decimal 308)
   defining Unicode char U+0135 (decimal 309)
   defining Unicode char U+0136 (decimal 310)
   defining Unicode char U+0137 (decimal 311)
   defining Unicode char U+0139 (decimal 313)
   defining Unicode char U+013A (decimal 314)
   defining Unicode char U+013B (decimal 315)
   defining Unicode char U+013C (decimal 316)
   defining Unicode char U+013D (decimal 317)
   defining Unicode char U+013E (decimal 318)
   defining Unicode char U+0141 (decimal 321)
   defining Unicode char U+0142 (decimal 322)
   defining Unicode char U+0143 (decimal 323)
   defining Unicode char U+0144 (decimal 324)
   defining Unicode char U+0145 (decimal 325)
   defining Unicode char U+0146 (decimal 326)
   defining Unicode char U+0147 (decimal 327)
   defining Unicode char U+0148 (decimal 328)
   defining Unicode char U+014A (decimal 330)
   defining Unicode char U+014B (decimal 331)
   defining Unicode char U+014C (decimal 332)
   defining Unicode char U+014D (decimal 333)
   defining Unicode char U+014E (decimal 334)
   defining Unicode char U+014F (decimal 335)
   defining Unicode char U+0150 (decimal 336)
   defining Unicode char U+0151 (decimal 337)
   defining Unicode char U+0152 (decimal 338)
   defining Unicode char U+0153 (decimal 339)
   defining Unicode char U+0154 (decimal 340)
   defining Unicode char U+0155 (decimal 341)
   defining Unicode char U+0156 (decimal 342)
   defining Unicode char U+0157 (decimal 343)
   defining Unicode char U+0158 (decimal 344)
   defining Unicode char U+0159 (decimal 345)
   defining Unicode char U+015A (decimal 346)
   defining Unicode char U+015B (decimal 347)
   defining Unicode char U+015C (decimal 348)
   defining Unicode char U+015D (decimal 349)
   defining Unicode char U+015E (decimal 350)
   defining Unicode char U+015F (decimal 351)
   defining Unicode char U+0160 (decimal 352)
   defining Unicode char U+0161 (decimal 353)
   defining Unicode char U+0162 (decimal 354)
   defining Unicode char U+0163 (decimal 355)
   defining Unicode char U+0164 (decimal 356)
   defining Unicode char U+0165 (decimal 357)
   defining Unicode char U+0168 (decimal 360)
   defining Unicode char U+0169 (decimal 361)
   defining Unicode char U+016A (decimal 362)
   defining Unicode char U+016B (decimal 363)
   defining Unicode char U+016C (decimal 364)
   defining Unicode char U+016D (decimal 365)
   defining Unicode char U+016E (decimal 366)
   defining Unicode char U+016F (decimal 367)
   defining Unicode char U+0170 (decimal 368)
   defining Unicode char U+0171 (decimal 369)
   defining Unicode char U+0172 (decimal 370)
   defining Unicode char U+0173 (decimal 371)
   defining Unicode char U+0174 (decimal 372)
   defining Unicode char U+0175 (decimal 373)
   defining Unicode char U+0176 (decimal 374)
   defining Unicode char U+0177 (decimal 375)
   defining Unicode char U+0178 (decimal 376)
   defining Unicode char U+0179 (decimal 377)
   defining Unicode char U+017A (decimal 378)
   defining Unicode char U+017B (decimal 379)
   defining Unicode char U+017C (decimal 380)
   defining Unicode char U+017D (decimal 381)
   defining Unicode char U+017E (decimal 382)
   defining Unicode char U+01CD (decimal 461)
   defining Unicode char U+01CE (decimal 462)
   defining Unicode char U+01CF (decimal 463)
   defining Unicode char U+01D0 (decimal 464)
   defining Unicode char U+01D1 (decimal 465)
   defining Unicode char U+01D2 (decimal 466)
   defining Unicode char U+01D3 (decimal 467)
   defining Unicode char U+01D4 (decimal 468)
   defining Unicode char U+01E2 (decimal 482)
   defining Unicode char U+01E3 (decimal 483)
   defining Unicode char U+01E6 (decimal 486)
   defining Unicode char U+01E7 (decimal 487)
   defining Unicode char U+01E8 (decimal 488)
   defining Unicode char U+01E9 (decimal 489)
   defining Unicode char U+01EA (decimal 490)
   defining Unicode char U+01EB (decimal 491)
   defining Unicode char U+01F0 (decimal 496)
   defining Unicode char U+01F4 (decimal 500)
   defining Unicode char U+01F5 (decimal 501)
   defining Unicode char U+0218 (decimal 536)
   defining Unicode char U+0219 (decimal 537)
   defining Unicode char U+021A (decimal 538)
   defining Unicode char U+021B (decimal 539)
   defining Unicode char U+01E02 (decimal 7682)
   defining Unicode char U+01E03 (decimal 7683)
   defining Unicode char U+200C (decimal 8204)
   defining Unicode char U+2013 (decimal 8211)
   defining Unicode char U+2014 (decimal 8212)
   defining Unicode char U+2018 (decimal 8216)
   defining Unicode char U+2019 (decimal 8217)
   defining Unicode char U+201A (decimal 8218)
   defining Unicode char U+201C (decimal 8220)
   defining Unicode char U+201D (decimal 8221)
   defining Unicode char U+201E (decimal 8222)
   defining Unicode char U+2030 (decimal 8240)
   defining Unicode char U+2031 (decimal 8241)
   defining Unicode char U+2039 (decimal 8249)
   defining Unicode char U+203A (decimal 8250)
   defining Unicode char U+2423 (decimal 9251)
)
Now handling font encoding OT1 ...
... processing UTF-8 mapping file for font encoding OT1

(/usr/share/texlive/texmf-dist/tex/latex/base/ot1enc.dfu
File: ot1enc.dfu 2015/12/03 v1.1r UTF-8 support for inputenc
   defining Unicode char U+00A0 (decimal 160)
   defining Unicode char U+00A1 (decimal 161)
   defining Unicode char U+00A3 (decimal 163)
   defining Unicode char U+00AD (decimal 173)
   defining Unicode char U+00B8 (decimal 184)
   defining Unicode char U+00BF (decimal 191)
   defining Unicode char U+00C5 (decimal 197)
   defining Unicode char U+00C6 (decimal 198)
   defining Unicode char U+00D8 (decimal 216)
   defining Unicode char U+00DF (decimal 223)
   defining Unicode char U+00E6 (decimal 230)
   defining Unicode char U+00EC (decimal 236)
   defining Unicode char U+00ED (decimal 237)
   defining Unicode char U+00EE (decimal 238)
   defining Unicode char U+00EF (decimal 239)
   defining Unicode char U+00F8 (decimal 248)
   defining Unicode char U+0131 (decimal 305)
   defining Unicode char U+0141 (decimal 321)
   defining Unicode char U+0142 (decimal 322)
   defining Unicode char U+0152 (decimal 338)
   defining Unicode char U+0153 (decimal 339)
   defining Unicode char U+0174 (decimal 372)
   defining Unicode char U+0175 (decimal 373)
   defining Unicode char U+0176 (decimal 374)
   defining Unicode char U+0177 (decimal 375)
   defining Unicode char U+0218 (decimal 536)
   defining Unicode char U+0219 (decimal 537)
   defining Unicode char U+021A (decimal 538)
   defining Unicode char U+021B (decimal 539)
   defining Unicode char U+2013 (decimal 8211)
   defining Unicode char U+2014 (decimal 8212)
   defining Unicode char U+2018 (decimal 8216)
   defining Unicode char U+2019 (decimal 8217)
   defining Unicode char U+201C (decimal 8220)
   defining Unicode char U+201D (decimal 8221)
)
Now handling font encoding OMS ...
... processing UTF-8 mapping file for font encoding OMS

(/usr/share/texlive/texmf-dist/tex/latex/base/omsenc.dfu
File: omsenc.dfu 2015/12/03 v1.1r UTF-8 support for inputenc
   defining Unicode char U+00A7 (decimal 167)
   defining Unicode char U+00B6 (decimal 182)
   defining Unicode char U+00B7 (decimal 183)
   defining Unicode char U+2020 (decimal 8224)
   defining Unicode char U+2021 (decimal 8225)
   defining Unicode char U+2022 (decimal 8226)
)
Now handling font encoding OMX ...
... no UTF-8 mapping file for font encoding OMX
Now handling font encoding U ...
... no UTF-8 mapping file for font encoding U
   defining Unicode char U+00A9 (decimal 169)
   defining Unicode char U+00AA (decimal 170)
   defining Unicode char U+00AE (decimal 174)
   defining Unicode char U+00BA (decimal 186)
   defining Unicode char U+02C6 (decimal 710)
   defining Unicode char U+02DC (decimal 732)
   defining Unicode char U+200C (decimal 8204)
   defining Unicode char U+2026 (decimal 8230)
   defining Unicode char U+2122 (decimal 8482)
   defining Unicode char U+2423 (decimal 9251)
))
(/usr/share/texlive/texmf-dist/tex/latex/amsfonts/amssymb.sty
Package: amssymb 2013/01/14 v3.01 AMS font symbols

(/usr/share/texlive/texmf-dist/tex/latex/amsfonts/amsfonts.sty
Package: amsfonts 2013/01/14 v3.01 Basic AMSFonts support
\@emptytoks=\toks16
\symAMSa=\mathgroup4
\symAMSb=\mathgroup5
LaTeX Font Info:    Overwriting math alphabet `\mathfrak' in version `bold'
(Font)                  U/euf/m/n --> U/euf/b/n on input line 106.
))
(/usr/share/texlive/texmf-dist/tex/latex/graphics/graphicx.sty
Package: graphicx 2014/10/28 v1.0g Enhanced LaTeX Graphics (DPC,SPQR)

(/usr/share/texlive/texmf-dist/tex/latex/graphics/keyval.sty
Package: keyval 2014/10/28 v1.15 key=value parser (DPC)
\KV@toks@=\toks17
)
(/usr/share/texlive/texmf-dist/tex/latex/graphics/graphics.sty
Package: graphics 2016/01/03 v1.0q Standard LaTeX Graphics (DPC,SPQR)

(/usr/share/texlive/texmf-dist/tex/latex/graphics/trig.sty
Package: trig 2016/01/03 v1.10 sin cos tan (DPC)
)
(/usr/share/texlive/texmf-dist/tex/latex/latexconfig/graphics.cfg
File: graphics.cfg 2010/04/23 v1.9 graphics configuration of TeX Live
)
Package graphics Info: Driver file: pdftex.def on input line 95.

(/usr/share/texlive/texmf-dist/tex/latex/pdftex-def/pdftex.def
File: pdftex.def 2011/05/27 v0.06d Graphics/color for pdfTeX

(/usr/share/texlive/texmf-dist/tex/generic/oberdiek/infwarerr.sty
Package: infwarerr 2010/04/08 v1.3 Providing info/warning/error messages (HO)
)
(/usr/share/texlive/texmf-dist/tex/generic/oberdiek/ltxcmds.sty
Package: ltxcmds 2011/11/09 v1.22 LaTeX kernel commands for general use (HO)
)
\Gread@gobject=\count88
))
\Gin@req@height=\dimen104
\Gin@req@width=\dimen105
)
(/usr/share/texlive/texmf-dist/tex/latex/listings/listings.sty
\lst@mode=\count89
\lst@gtempboxa=\box26
\lst@token=\toks18
\lst@length=\count90
\lst@currlwidth=\dimen106
\lst@column=\count91
\lst@pos=\count92
\lst@lostspace=\dimen107
\lst@width=\dimen108
\lst@newlines=\count93
\lst@lineno=\count94
\lst@maxwidth=\dimen109

(/usr/share/texlive/texmf-dist/tex/latex/listings/lstmisc.sty
File: lstmisc.sty 2015/06/04 1.6 (Carsten Heinz)
\c@lstnumber=\count95
\lst@skipnumbers=\count96
\lst@framebox=\box27
)
(/usr/share/texlive/texmf-dist/tex/latex/listings/listings.cfg
File: listings.cfg 2015/06/04 1.6 listings configuration
))
Package: listings 2015/06/04 1.6 (Carsten Heinz)

(/usr/share/texlive/texmf-dist/tex/latex/amsmath/amsmath.sty
Package: amsmath 2016/03/03 v2.15a AMS math features
\@mathmargin=\skip43

For additional information on amsmath, use the `?' option.
(/usr/share/texlive/texmf-dist/tex/latex/amsmath/amstext.sty
Package: amstext 2000/06/29 v2.01 AMS text

(/usr/share/texlive/texmf-dist/tex/latex/amsmath/amsgen.sty
File: amsgen.sty 1999/11/30 v2.0 generic functions
\@emptytoks=\toks19
\ex@=\dimen110
))
(/usr/share/texlive/texmf-dist/tex/latex/amsmath/amsbsy.sty
Package: amsbsy 1999/11/29 v1.2d Bold Symbols
\pmbraise@=\dimen111
)
(/usr/share/texlive/texmf-dist/tex/latex/amsmath/amsopn.sty
Package: amsopn 1999/12/14 v2.01 operator names
)
\inf@bad=\count97
LaTeX Info: Redefining \frac on input line 199.
\uproot@=\count98
\leftroot@=\count99
LaTeX Info: Redefining \overline on input line 297.
\classnum@=\count100
\DOTSCASE@=\count101
LaTeX Info: Redefining \ldots on input line 394.
LaTeX Info: Redefining \dots on input line 397.
LaTeX Info: Redefining \cdots on input line 518.
\Mathstrutbox@=\box28
\strutbox@=\box29
\big@size=\dimen112
LaTeX Font Info:    Redeclaring font encoding OML on input line 630.
LaTeX Font Info:    Redeclaring font encoding OMS on input line 631.
\macc@depth=\count102
\c@MaxMatrixCols=\count103
\dotsspace@=\muskip10
\c@parentequation=\count104
\dspbrk@lvl=\count105
\tag@help=\toks20
\row@=\count106
\column@=\count107
\maxfields@=\count108
\andhelp@=\toks21
\eqnshift@=\dimen113
\alignsep@=\dimen114
\tagshift@=\dimen115
\tagwidth@=\dimen116
\totwidth@=\dimen117
\lineht@=\dimen118
\@envbody=\toks22
\multlinegap=\skip44
\multlinetaggap=\skip45
\mathdisplay@stack=\toks23
LaTeX Info: Redefining \[ on input line 2735.
LaTeX Info: Redefining \] on input line 2736.
)
(/usr/share/texlive/texmf-dist/tex/latex/float/float.sty
Package: float 2001/11/08 v1.3d Float enhancements (AL)
\c@float@type=\count109
\float@exts=\toks24
\float@box=\box30
\@float@everytoks=\toks25
\@floatcapt=\box31
) (./relatorioP5.aux)
\openout1 = `relatorioP5.aux'.

LaTeX Font Info:    Checking defaults for OML/cmm/m/it on input line 12.
LaTeX Font Info:    ... okay on input line 12.
LaTeX Font Info:    Checking defaults for T1/cmr/m/n on input line 12.
LaTeX Font Info:    ... okay on input line 12.
LaTeX Font Info:    Checking defaults for OT1/cmr/m/n on input line 12.
LaTeX Font Info:    ... okay on input line 12.
LaTeX Font Info:    Checking defaults for OMS/cmsy/m/n on input line 12.
LaTeX Font Info:    ... okay on input line 12.
LaTeX Font Info:    Checking defaults for OMX/cmex/m/n on input line 12.
LaTeX Font Info:    ... okay on input line 12.
LaTeX Font Info:    Checking defaults for U/cmr/m/n on input line 12.
LaTeX Font Info:    ... okay on input line 12.

(/usr/share/texlive/texmf-dist/tex/context/base/supp-pdf.mkii
[Loading MPS to PDF converter (version 2006.09.02).]
\scratchcounter=\count110
\scratchdimen=\dimen119
\scratchbox=\box32
\nofMPsegments=\count111
\nofMParguments=\count112
\everyMPshowfont=\toks26
\MPscratchCnt=\count113
\MPscratchDim=\dimen120
\MPnumerator=\count114
\makeMPintoPDFobject=\count115
\everyMPtoPDFconversion=\toks27
) (/usr/share/texlive/texmf-dist/tex/generic/oberdiek/pdftexcmds.sty
Package: pdftexcmds 2011/11/29 v0.20 Utility functions of pdfTeX for LuaTeX (HO
)

(/usr/share/texlive/texmf-dist/tex/generic/oberdiek/ifluatex.sty
Package: ifluatex 2010/03/01 v1.3 Provides the ifluatex switch (HO)
Package ifluatex Info: LuaTeX not detected.
)
(/usr/share/texlive/texmf-dist/tex/generic/oberdiek/ifpdf.sty
Package: ifpdf 2011/01/30 v2.3 Provides the ifpdf switch (HO)
Package ifpdf Info: pdfTeX in PDF mode is detected.
)
Package pdftexcmds Info: LuaTeX not detected.
Package pdftexcmds Info: \pdf@primitive is available.
Package pdftexcmds Info: \pdf@ifprimitive is available.
Package pdftexcmds Info: \pdfdraftmode found.
)
(/usr/share/texlive/texmf-dist/tex/latex/oberdiek/epstopdf-base.sty
Package: epstopdf-base 2010/02/09 v2.5 Base part for package epstopdf

(/usr/share/texlive/texmf-dist/tex/latex/oberdiek/grfext.sty
Package: grfext 2010/08/19 v1.1 Manage graphics extensions (HO)

(/usr/share/texlive/texmf-dist/tex/generic/oberdiek/kvdefinekeys.sty
Package: kvdefinekeys 2011/04/07 v1.3 Define keys (HO)
))
(/usr/share/texlive/texmf-dist/tex/latex/oberdiek/kvoptions.sty
Package: kvoptions 2011/06/30 v3.11 Key value format for package options (HO)

(/usr/share/texlive/texmf-dist/tex/generic/oberdiek/kvsetkeys.sty
Package: kvsetkeys 2012/04/25 v1.16 Key value parser (HO)

(/usr/share/texlive/texmf-dist/tex/generic/oberdiek/etexcmds.sty
Package: etexcmds 2011/02/16 v1.5 Avoid name clashes with e-TeX commands (HO)
Package etexcmds Info: Could not find \expanded.
(etexcmds)             That can mean that you are not using pdfTeX 1.50 or
(etexcmds)             that some package has redefined \expanded.
(etexcmds)             In the latter case, load this package earlier.
)))
Package grfext Info: Graphics extension search list:
(grfext)             [.png,.pdf,.jpg,.mps,.jpeg,.jbig2,.jb2,.PNG,.PDF,.JPG,.JPE
G,.JBIG2,.JB2,.eps]
(grfext)             \AppendGraphicsExtensions on input line 452.

(/usr/share/texlive/texmf-dist/tex/latex/latexconfig/epstopdf-sys.cfg
File: epstopdf-sys.cfg 2010/07/13 v1.3 Configuration of (r)epstopdf for TeX Liv
e
))
\c@lstlisting=\count116
LaTeX Font Info:    Try loading font information for U+msa on input line 16.

(/usr/share/texlive/texmf-dist/tex/latex/amsfonts/umsa.fd
File: umsa.fd 2013/01/14 v3.01 AMS symbols A
)
LaTeX Font Info:    Try loading font information for U+msb on input line 16.

(/usr/share/texlive/texmf-dist/tex/latex/amsfonts/umsb.fd
File: umsb.fd 2013/01/14 v3.01 AMS symbols B
) [1

{/var/lib/texmf/fonts/map/pdftex/updmap/pdftex.map}]
(/usr/share/texlive/texmf-dist/tex/latex/listings/lstlang1.sty
File: lstlang1.sty 2015/06/04 1.6 listings language file
)
(/usr/share/texlive/texmf-dist/tex/latex/listings/lstlang1.sty
File: lstlang1.sty 2015/06/04 1.6 listings language file
) [2]
</home/russo/Intro_Fiscomp/P5/1/a/GX.png, id=15, 462.528pt x 346.896pt>
File: /home/russo/Intro_Fiscomp/P5/1/a/GX.png Graphic file (type png)

<use /home/russo/Intro_Fiscomp/P5/1/a/GX.png>
Package pdftex.def Info: /home/russo/Intro_Fiscomp/P5/1/a/GX.png used on input 
line 67.
(pdftex.def)             Requested size: 416.27133pt x 312.2035pt.

Overfull \hbox (26.27133pt too wide) in paragraph at lines 67--68
 [][] 
 []

[3 </home/russo/Intro_Fiscomp/P5/1/a/GX.png>]
</home/russo/Intro_Fiscomp/P5/1/b/r1.png, id=25, 462.528pt x 346.896pt>
File: /home/russo/Intro_Fiscomp/P5/1/b/r1.png Graphic file (type png)

<use /home/russo/Intro_Fiscomp/P5/1/b/r1.png>
Package pdftex.def Info: /home/russo/Intro_Fiscomp/P5/1/b/r1.png used on input 
line 101.
(pdftex.def)             Requested size: 231.26343pt x 173.44757pt.

</home/russo/Intro_Fiscomp/P5/1/b/r2.png, id=26, 462.528pt x 346.896pt>
File: /home/russo/Intro_Fiscomp/P5/1/b/r2.png Graphic file (type png)

<use /home/russo/Intro_Fiscomp/P5/1/b/r2.png>
Package pdftex.def Info: /home/russo/Intro_Fiscomp/P5/1/b/r2.png used on input 
line 102.
(pdftex.def)             Requested size: 231.26343pt x 173.44757pt.

Overfull \hbox (75.13734pt too wide) in paragraph at lines 101--103
[][] [] 
 []

</home/russo/Intro_Fiscomp/P5/1/b/r25.png, id=27, 462.528pt x 346.896pt>
File: /home/russo/Intro_Fiscomp/P5/1/b/r25.png Graphic file (type png)

<use /home/russo/Intro_Fiscomp/P5/1/b/r25.png>
Package pdftex.def Info: /home/russo/Intro_Fiscomp/P5/1/b/r25.png used on input
 line 106.
(pdftex.def)             Requested size: 323.76738pt x 242.82553pt.
 [4 </home/russo/Intro_Fiscomp/P5/1/b/r1.png> </home/russo/Intro_Fiscomp/P5/1/b
/r2.png>]
</home/russo/Intro_Fiscomp/P5/1/c/r15.png, id=34, 462.528pt x 346.896pt>
File: /home/russo/Intro_Fiscomp/P5/1/c/r15.png Graphic file (type png)

<use /home/russo/Intro_Fiscomp/P5/1/c/r15.png>
Package pdftex.def Info: /home/russo/Intro_Fiscomp/P5/1/c/r15.png used on input
 line 120.
(pdftex.def)             Requested size: 231.26343pt x 173.44757pt.

</home/russo/Intro_Fiscomp/P5/1/c/r25.png, id=35, 462.528pt x 346.896pt>
File: /home/russo/Intro_Fiscomp/P5/1/c/r25.png Graphic file (type png)

<use /home/russo/Intro_Fiscomp/P5/1/c/r25.png>
Package pdftex.def Info: /home/russo/Intro_Fiscomp/P5/1/c/r25.png used on input
 line 121.
(pdftex.def)             Requested size: 231.26343pt x 173.44757pt.

Overfull \hbox (75.13734pt too wide) in paragraph at lines 120--122
[][] [] 
 []

</home/russo/Intro_Fiscomp/P5/1/c/r27.png, id=36, 462.528pt x 346.896pt>
File: /home/russo/Intro_Fiscomp/P5/1/c/r27.png Graphic file (type png)

<use /home/russo/Intro_Fiscomp/P5/1/c/r27.png>
Package pdftex.def Info: /home/russo/Intro_Fiscomp/P5/1/c/r27.png used on input
 line 125.
(pdftex.def)             Requested size: 323.76738pt x 242.82553pt.
 [5 </home/russo/Intro_Fiscomp/P5/1/b/r25.png>]
</home/russo/Intro_Fiscomp/P5/1/c/confirmexp.png, id=41, 462.528pt x 346.896pt>
File: /home/russo/Intro_Fiscomp/P5/1/c/confirmexp.png Graphic file (type png)
<use /home/russo/Intro_Fiscomp/P5/1/c/confirmexp.png>
Package pdftex.def Info: /home/russo/Intro_Fiscomp/P5/1/c/confirmexp.png used o
n input line 134.
(pdftex.def)             Requested size: 370.02289pt x 277.51717pt.
 [6 </home/russo/Intro_Fiscomp/P5/1/c/r15.png> </home/russo/Intro_Fiscomp/P5/1/
c/r25.png> </home/russo/Intro_Fiscomp/P5/1/c/r27.png>]
</home/russo/Intro_Fiscomp/P5/1/c/lyapunov.png, id=48, 684.0606pt x 372.7987pt>
File: /home/russo/Intro_Fiscomp/P5/1/c/lyapunov.png Graphic file (type png)
<use /home/russo/Intro_Fiscomp/P5/1/c/lyapunov.png>
Package pdftex.def Info: /home/russo/Intro_Fiscomp/P5/1/c/lyapunov.png used on 
input line 149.
(pdftex.def)             Requested size: 342.02946pt x 186.3989pt.
 [7 </home/russo/Intro_Fiscomp/P5/1/c/confirmexp.png>]
</home/russo/Intro_Fiscomp/P5/1/c/paralels.png, id=56, 693.36267pt x 372.7987pt
>
File: /home/russo/Intro_Fiscomp/P5/1/c/paralels.png Graphic file (type png)
 <use /home/russo/Intro_Fiscomp/P5/1/c/paralels.png>
Package pdftex.def Info: /home/russo/Intro_Fiscomp/P5/1/c/paralels.png used on 
input line 158.
(pdftex.def)             Requested size: 346.68048pt x 186.3989pt.
 [8 </home/russo/Intro_Fiscomp/P5/1/c/lyapunov.png> </home/russo/Intro_Fiscomp/
P5/1/c/paralels.png>]
</home/russo/Intro_Fiscomp/P5/1/d/values.png, id=60, 289.08pt x 87.32625pt>
File: /home/russo/Intro_Fiscomp/P5/1/d/values.png Graphic file (type png)

<use /home/russo/Intro_Fiscomp/P5/1/d/values.png>
Package pdftex.def Info: /home/russo/Intro_Fiscomp/P5/1/d/values.png used on in
put line 184.
(pdftex.def)             Requested size: 289.07928pt x 87.32603pt.

</home/russo/Intro_Fiscomp/P5/1/e/graf.png, id=61, 462.528pt x 346.896pt>
File: /home/russo/Intro_Fiscomp/P5/1/e/graf.png Graphic file (type png)

<use /home/russo/Intro_Fiscomp/P5/1/e/graf.png>
Package pdftex.def Info: /home/russo/Intro_Fiscomp/P5/1/e/graf.png used on inpu
t line 198.
(pdftex.def)             Requested size: 323.76738pt x 242.82553pt.
 [9 </home/russo/Intro_Fiscomp/P5/1/d/values.png>] [10 </home/russo/Intro_Fisco
mp/P5/1/e/graf.png>]
</home/russo/Intro_Fiscomp/P5/1/e/histo1.png, id=71, 462.528pt x 346.896pt>
File: /home/russo/Intro_Fiscomp/P5/1/e/histo1.png Graphic file (type png)

<use /home/russo/Intro_Fiscomp/P5/1/e/histo1.png>
Package pdftex.def Info: /home/russo/Intro_Fiscomp/P5/1/e/histo1.png used on in
put line 221.
(pdftex.def)             Requested size: 323.76738pt x 242.82553pt.

</home/russo/Intro_Fiscomp/P5/1/e/histo2.png, id=72, 462.528pt x 346.896pt>
File: /home/russo/Intro_Fiscomp/P5/1/e/histo2.png Graphic file (type png)

<use /home/russo/Intro_Fiscomp/P5/1/e/histo2.png>
Package pdftex.def Info: /home/russo/Intro_Fiscomp/P5/1/e/histo2.png used on in
put line 230.
(pdftex.def)             Requested size: 323.76738pt x 242.82553pt.
 [11 </home/russo/Intro_Fiscomp/P5/1/e/histo1.png>]
</home/russo/Intro_Fiscomp/P5/2/a/ex2a.png, id=77, 462.528pt x 346.896pt>
File: /home/russo/Intro_Fiscomp/P5/2/a/ex2a.png Graphic file (type png)

<use /home/russo/Intro_Fiscomp/P5/2/a/ex2a.png>
Package pdftex.def Info: /home/russo/Intro_Fiscomp/P5/2/a/ex2a.png used on inpu
t line 246.
(pdftex.def)             Requested size: 185.0079pt x 138.75594pt.

</home/russo/Intro_Fiscomp/P5/2/a/roots.png, id=78, 925.056pt x 643.203pt>
File: /home/russo/Intro_Fiscomp/P5/2/a/roots.png Graphic file (type png)

<use /home/russo/Intro_Fiscomp/P5/2/a/roots.png>
Package pdftex.def Info: /home/russo/Intro_Fiscomp/P5/2/a/roots.png used on inp
ut line 247.
(pdftex.def)             Requested size: 370.01584pt x 257.27664pt.
 [12 </home/russo/Intro_Fiscomp/P5/1/e/histo2.png>]
</home/russo/Intro_Fiscomp/P5/2/b/frac2.png, id=83, 925.056pt x 643.203pt>
File: /home/russo/Intro_Fiscomp/P5/2/b/frac2.png Graphic file (type png)

<use /home/russo/Intro_Fiscomp/P5/2/b/frac2.png>
Package pdftex.def Info: /home/russo/Intro_Fiscomp/P5/2/b/frac2.png used on inp
ut line 262.
(pdftex.def)             Requested size: 296.02397pt x 205.82916pt.
 [13 </home/russo/Intro_Fiscomp/P5/2/a/ex2a.png> </home/russo/Intro_Fiscomp/P5/
2/a/roots.png>]
</home/russo/Intro_Fiscomp/P5/2/b/frac3.png, id=90, 925.056pt x 643.203pt>
File: /home/russo/Intro_Fiscomp/P5/2/b/frac3.png Graphic file (type png)

<use /home/russo/Intro_Fiscomp/P5/2/b/frac3.png>
Package pdftex.def Info: /home/russo/Intro_Fiscomp/P5/2/b/frac3.png used on inp
ut line 271.
(pdftex.def)             Requested size: 296.02397pt x 205.82916pt.
 [14 </home/russo/Intro_Fiscomp/P5/2/b/frac2.png> </home/russo/Intro_Fiscomp/P5
/2/b/frac3.png>]
</home/russo/Intro_Fiscomp/P5/2/b/frac4.png, id=96, 925.056pt x 643.203pt>
File: /home/russo/Intro_Fiscomp/P5/2/b/frac4.png Graphic file (type png)

<use /home/russo/Intro_Fiscomp/P5/2/b/frac4.png>
Package pdftex.def Info: /home/russo/Intro_Fiscomp/P5/2/b/frac4.png used on inp
ut line 279.
(pdftex.def)             Requested size: 231.26343pt x 160.80035pt.

</home/russo/Intro_Fiscomp/P5/2/b/frac6.png, id=97, 925.056pt x 643.203pt>
File: /home/russo/Intro_Fiscomp/P5/2/b/frac6.png Graphic file (type png)

<use /home/russo/Intro_Fiscomp/P5/2/b/frac6.png>
Package pdftex.def Info: /home/russo/Intro_Fiscomp/P5/2/b/frac6.png used on inp
ut line 280.
(pdftex.def)             Requested size: 231.26343pt x 160.80035pt.

Overfull \hbox (75.13734pt too wide) in paragraph at lines 279--281
[][] [] 
 []

</home/russo/Intro_Fiscomp/P5/2/c/r2.png, id=98, 925.056pt x 643.203pt>
File: /home/russo/Intro_Fiscomp/P5/2/c/r2.png Graphic file (type png)

<use /home/russo/Intro_Fiscomp/P5/2/c/r2.png>
Package pdftex.def Info: /home/russo/Intro_Fiscomp/P5/2/c/r2.png used on input 
line 291.
(pdftex.def)             Requested size: 231.26343pt x 160.80035pt.

</home/russo/Intro_Fiscomp/P5/2/c/r3.png, id=99, 925.056pt x 643.203pt>
File: /home/russo/Intro_Fiscomp/P5/2/c/r3.png Graphic file (type png)

<use /home/russo/Intro_Fiscomp/P5/2/c/r3.png>
Package pdftex.def Info: /home/russo/Intro_Fiscomp/P5/2/c/r3.png used on input 
line 292.
(pdftex.def)             Requested size: 231.26343pt x 160.80035pt.

Overfull \hbox (75.13734pt too wide) in paragraph at lines 291--293
[][] [] 
 []

[15 </home/russo/Intro_Fiscomp/P5/2/b/frac4.png> </home/russo/Intro_Fiscomp/P5/
2/b/frac6.png> </home/russo/Intro_Fiscomp/P5/2/c/r2.png> </home/russo/Intro_Fis
comp/P5/2/c/r3.png>]
</home/russo/Intro_Fiscomp/P5/2/d/xi3,4839.png, id=107, 462.528pt x 346.896pt>
File: /home/russo/Intro_Fiscomp/P5/2/d/xi3,4839.png Graphic file (type png)

<use /home/russo/Intro_Fiscomp/P5/2/d/xi3,4839.png>
Package pdftex.def Info: /home/russo/Intro_Fiscomp/P5/2/d/xi3,4839.png used on 
input line 313.
(pdftex.def)             Requested size: 194.26042pt x 145.69531pt.

</home/russo/Intro_Fiscomp/P5/2/d/xi3,3979.png, id=108, 462.528pt x 346.896pt>
File: /home/russo/Intro_Fiscomp/P5/2/d/xi3,3979.png Graphic file (type png)

<use /home/russo/Intro_Fiscomp/P5/2/d/xi3,3979.png>
Package pdftex.def Info: /home/russo/Intro_Fiscomp/P5/2/d/xi3,3979.png used on 
input line 314.
(pdftex.def)             Requested size: 194.26042pt x 145.69531pt.

Overfull \hbox (1.13133pt too wide) in paragraph at lines 313--315
[][] [] 
 []


</home/russo/Intro_Fiscomp/P5/2/d/xi3,3119.png, id=109, 462.528pt x 346.896pt>
File: /home/russo/Intro_Fiscomp/P5/2/d/xi3,3119.png Graphic file (type png)

<use /home/russo/Intro_Fiscomp/P5/2/d/xi3,3119.png>
Package pdftex.def Info: /home/russo/Intro_Fiscomp/P5/2/d/xi3,3119.png used on 
input line 316.
(pdftex.def)             Requested size: 194.26042pt x 145.69531pt.

</home/russo/Intro_Fiscomp/P5/2/d/xi3,2259.png, id=110, 462.528pt x 346.896pt>
File: /home/russo/Intro_Fiscomp/P5/2/d/xi3,2259.png Graphic file (type png)

<use /home/russo/Intro_Fiscomp/P5/2/d/xi3,2259.png>
Package pdftex.def Info: /home/russo/Intro_Fiscomp/P5/2/d/xi3,2259.png used on 
input line 317.
(pdftex.def)             Requested size: 194.26042pt x 145.69531pt.

Overfull \hbox (1.13133pt too wide) in paragraph at lines 316--318
[][] [] 
 []


</home/russo/Intro_Fiscomp/P5/2/d/xi3,1399.png, id=111, 462.528pt x 346.896pt>
File: /home/russo/Intro_Fiscomp/P5/2/d/xi3,1399.png Graphic file (type png)

<use /home/russo/Intro_Fiscomp/P5/2/d/xi3,1399.png>
Package pdftex.def Info: /home/russo/Intro_Fiscomp/P5/2/d/xi3,1399.png used on 
input line 321.
(pdftex.def)             Requested size: 194.26042pt x 145.69531pt.
 [16 </home/russo/Intro_Fiscomp/P5/2/d/xi3,4839.png> </home/russo/Intro_Fiscomp
/P5/2/d/xi3,3979.png> </home/russo/Intro_Fiscomp/P5/2/d/xi3,3119.png> </home/ru
sso/Intro_Fiscomp/P5/2/d/xi3,2259.png>]
</home/russo/Intro_Fiscomp/P5/2/d/Di3,4839.png, id=119, 462.528pt x 346.896pt>
File: /home/russo/Intro_Fiscomp/P5/2/d/Di3,4839.png Graphic file (type png)

<use /home/russo/Intro_Fiscomp/P5/2/d/Di3,4839.png>
Package pdftex.def Info: /home/russo/Intro_Fiscomp/P5/2/d/Di3,4839.png used on 
input line 329.
(pdftex.def)             Requested size: 194.26042pt x 145.69531pt.

</home/russo/Intro_Fiscomp/P5/2/d/Di3,3979.png, id=120, 462.528pt x 346.896pt>
File: /home/russo/Intro_Fiscomp/P5/2/d/Di3,3979.png Graphic file (type png)

<use /home/russo/Intro_Fiscomp/P5/2/d/Di3,3979.png>
Package pdftex.def Info: /home/russo/Intro_Fiscomp/P5/2/d/Di3,3979.png used on 
input line 330.
(pdftex.def)             Requested size: 194.26042pt x 145.69531pt.

Overfull \hbox (1.13133pt too wide) in paragraph at lines 329--331
[][] [] 
 []


</home/russo/Intro_Fiscomp/P5/2/d/Di3,3119.png, id=121, 462.528pt x 346.896pt>
File: /home/russo/Intro_Fiscomp/P5/2/d/Di3,3119.png Graphic file (type png)

<use /home/russo/Intro_Fiscomp/P5/2/d/Di3,3119.png>
Package pdftex.def Info: /home/russo/Intro_Fiscomp/P5/2/d/Di3,3119.png used on 
input line 332.
(pdftex.def)             Requested size: 194.26042pt x 145.69531pt.

</home/russo/Intro_Fiscomp/P5/2/d/Di3,2259.png, id=122, 462.528pt x 346.896pt>
File: /home/russo/Intro_Fiscomp/P5/2/d/Di3,2259.png Graphic file (type png)

<use /home/russo/Intro_Fiscomp/P5/2/d/Di3,2259.png>
Package pdftex.def Info: /home/russo/Intro_Fiscomp/P5/2/d/Di3,2259.png used on 
input line 333.
(pdftex.def)             Requested size: 194.26042pt x 145.69531pt.

Overfull \hbox (1.13133pt too wide) in paragraph at lines 332--334
[][] [] 
 []


</home/russo/Intro_Fiscomp/P5/2/d/Di3,1399.png, id=123, 462.528pt x 346.896pt>
File: /home/russo/Intro_Fiscomp/P5/2/d/Di3,1399.png Graphic file (type png)

<use /home/russo/Intro_Fiscomp/P5/2/d/Di3,1399.png>
Package pdftex.def Info: /home/russo/Intro_Fiscomp/P5/2/d/Di3,1399.png used on 
input line 337.
(pdftex.def)             Requested size: 194.26042pt x 145.69531pt.
 [17 </home/russo/Intro_Fiscomp/P5/2/d/xi3,1399.png> </home/russo/Intro_Fiscomp
/P5/2/d/Di3,4839.png> </home/russo/Intro_Fiscomp/P5/2/d/Di3,3979.png> </home/ru
sso/Intro_Fiscomp/P5/2/d/Di3,3119.png> </home/russo/Intro_Fiscomp/P5/2/d/Di3,22
59.png>]

Package amsmath Warning: Foreign command \over;
(amsmath)                \frac or \genfrac should be used instead
(amsmath)                 on input line 359.

[18 </home/russo/Intro_Fiscomp/P5/2/d/Di3,1399.png>] [19]
</home/russo/Intro_Fiscomp/P5/3/c/popxtempo.png, id=140, 462.528pt x 346.896pt>
File: /home/russo/Intro_Fiscomp/P5/3/c/popxtempo.png Graphic file (type png)
<use /home/russo/Intro_Fiscomp/P5/3/c/popxtempo.png>
Package pdftex.def Info: /home/russo/Intro_Fiscomp/P5/3/c/popxtempo.png used on
 input line 400.
(pdftex.def)             Requested size: 231.26343pt x 173.44757pt.

</home/russo/Intro_Fiscomp/P5/3/c/presa0.png, id=141, 462.528pt x 346.896pt>
File: /home/russo/Intro_Fiscomp/P5/3/c/presa0.png Graphic file (type png)

<use /home/russo/Intro_Fiscomp/P5/3/c/presa0.png>
Package pdftex.def Info: /home/russo/Intro_Fiscomp/P5/3/c/presa0.png used on in
put line 401.
(pdftex.def)             Requested size: 231.26343pt x 173.44757pt.

Overfull \hbox (75.13734pt too wide) in paragraph at lines 400--402
[][] [] 
 []


</home/russo/Intro_Fiscomp/P5/3/c/predador0.png, id=142, 462.528pt x 346.896pt>
File: /home/russo/Intro_Fiscomp/P5/3/c/predador0.png Graphic file (type png)
<use /home/russo/Intro_Fiscomp/P5/3/c/predador0.png>
Package pdftex.def Info: /home/russo/Intro_Fiscomp/P5/3/c/predador0.png used on
 input line 405.
(pdftex.def)             Requested size: 231.26343pt x 173.44757pt.
 [20 </home/russo/Intro_Fiscomp/P5/3/c/popxtempo.png> </home/russo/Intro_Fiscom
p/P5/3/c/presa0.png>]
</home/russo/Intro_Fiscomp/P5/3/d/efase1.png, id=148, 462.528pt x 346.896pt>
File: /home/russo/Intro_Fiscomp/P5/3/d/efase1.png Graphic file (type png)

<use /home/russo/Intro_Fiscomp/P5/3/d/efase1.png>
Package pdftex.def Info: /home/russo/Intro_Fiscomp/P5/3/d/efase1.png used on in
put line 438.
(pdftex.def)             Requested size: 231.26343pt x 173.44757pt.

</home/russo/Intro_Fiscomp/P5/3/d/efase2.png, id=149, 462.528pt x 346.896pt>
File: /home/russo/Intro_Fiscomp/P5/3/d/efase2.png Graphic file (type png)

<use /home/russo/Intro_Fiscomp/P5/3/d/efase2.png>
Package pdftex.def Info: /home/russo/Intro_Fiscomp/P5/3/d/efase2.png used on in
put line 439.
(pdftex.def)             Requested size: 231.26343pt x 173.44757pt.

Overfull \hbox (75.13734pt too wide) in paragraph at lines 438--440
[][] [] 
 []

[21 </home/russo/Intro_Fiscomp/P5/3/c/predador0.png>]
</home/russo/Intro_Fiscomp/P5/3/d/efase3.png, id=154, 462.528pt x 346.896pt>
File: /home/russo/Intro_Fiscomp/P5/3/d/efase3.png Graphic file (type png)

<use /home/russo/Intro_Fiscomp/P5/3/d/efase3.png>
Package pdftex.def Info: /home/russo/Intro_Fiscomp/P5/3/d/efase3.png used on in
put line 443.
(pdftex.def)             Requested size: 231.26343pt x 173.44757pt.

</home/russo/Intro_Fiscomp/P5/3/e/popxt.png, id=155, 462.528pt x 346.896pt>
File: /home/russo/Intro_Fiscomp/P5/3/e/popxt.png Graphic file (type png)

<use /home/russo/Intro_Fiscomp/P5/3/e/popxt.png>
Package pdftex.def Info: /home/russo/Intro_Fiscomp/P5/3/e/popxt.png used on inp
ut line 455.
(pdftex.def)             Requested size: 277.51894pt x 208.13919pt.
 [22 </home/russo/Intro_Fiscomp/P5/3/d/efase1.png> </home/russo/Intro_Fiscomp/P
5/3/d/efase2.png> </home/russo/Intro_Fiscomp/P5/3/d/efase3.png>]
</home/russo/Intro_Fiscomp/P5/3/e/presxpred.png, id=162, 462.528pt x 346.896pt>
File: /home/russo/Intro_Fiscomp/P5/3/e/presxpred.png Graphic file (type png)
<use /home/russo/Intro_Fiscomp/P5/3/e/presxpred.png>
Package pdftex.def Info: /home/russo/Intro_Fiscomp/P5/3/e/presxpred.png used on
 input line 464.
(pdftex.def)             Requested size: 277.51894pt x 208.13919pt.

</home/russo/Intro_Fiscomp/P5/3/e/figure.png, id=163, 231.86626pt x 377.41pt>
File: /home/russo/Intro_Fiscomp/P5/3/e/figure.png Graphic file (type png)

<use /home/russo/Intro_Fiscomp/P5/3/e/figure.png>
Package pdftex.def Info: /home/russo/Intro_Fiscomp/P5/3/e/figure.png used on in
put line 474.
(pdftex.def)             Requested size: 231.86568pt x 377.40907pt.
 [23 </home/russo/Intro_Fiscomp/P5/3/e/popxt.png> </home/russo/Intro_Fiscomp/P5
/3/e/presxpred.png>] [24 </home/russo/Intro_Fiscomp/P5/3/e/figure.png>] (./rela
torioP5.aux)

LaTeX Warning: Label(s) may have changed. Rerun to get cross-references right.

 ) 
Here is how much of TeX's memory you used:
 5370 strings out of 493029
 73039 string characters out of 6136233
 154071 words of memory out of 5000000
 8771 multiletter control sequences out of 15000+600000
 16968 words of font info for 51 fonts, out of 8000000 for 9000
 1141 hyphenation exceptions out of 8191
 38i,10n,51p,536b,1172s stack positions out of 5000i,500n,10000p,200000b,80000s
{/usr/share/texmf/fonts/enc/dvips/cm-super/cm-super-t1.enc}</usr/share/texliv
e/texmf-dist/fonts/type1/public/amsfonts/cm/cmex10.pfb></usr/share/texlive/texm
f-dist/fonts/type1/public/amsfonts/cm/cmmi12.pfb></usr/share/texlive/texmf-dist
/fonts/type1/public/amsfonts/cm/cmmi8.pfb></usr/share/texlive/texmf-dist/fonts/
type1/public/amsfonts/cm/cmr12.pfb></usr/share/texlive/texmf-dist/fonts/type1/p
ublic/amsfonts/cm/cmr8.pfb></usr/share/texlive/texmf-dist/fonts/type1/public/am
sfonts/cm/cmsy10.pfb></usr/share/texlive/texmf-dist/fonts/type1/public/amsfonts
/cm/cmsy8.pfb></usr/share/texmf/fonts/type1/public/cm-super/sfbx1200.pfb></usr/
share/texmf/fonts/type1/public/cm-super/sfbx1440.pfb></usr/share/texmf/fonts/ty
pe1/public/cm-super/sfbx1728.pfb></usr/share/texmf/fonts/type1/public/cm-super/
sfrm1200.pfb></usr/share/texmf/fonts/type1/public/cm-super/sfrm1440.pfb></usr/s
hare/texmf/fonts/type1/public/cm-super/sfrm2074.pfb></usr/share/texmf/fonts/typ
e1/public/cm-super/sfti1200.pfb>
Output written on relatorioP5.pdf (24 pages, 1802021 bytes).
PDF statistics:
 219 PDF objects out of 1000 (max. 8388607)
 98 compressed objects within 1 object stream
 0 named destinations out of 1000 (max. 500000)
 206 words of extra memory for PDF output out of 10000 (max. 10000000)

